#
# There is insufficient memory for the Java Runtime Environment to continue.
# Native memory allocation (malloc) failed to allocate 1771856 bytes for Chunk::new
# Possible reasons:
#   The system is out of physical RAM or swap space
#   The process is running with CompressedOops enabled, and the Java Heap may be blocking the growth of the native heap
# Possible solutions:
#   Reduce memory load on the system
#   Increase physical memory or swap space
#   Check if swap backing store is full
#   Decrease Java heap size (-Xmx/-Xms)
#   Decrease number of Java threads
#   Decrease Java thread stack sizes (-Xss)
#   Set larger code cache with -XX:ReservedCodeCacheSize=
#   JVM is running with Unscaled Compressed Oops mode in which the Java heap is
#     placed in the first 4GB address space. The Java Heap base address is the
#     maximum limit for the native heap growth. Please use -XX:HeapBaseMinAddress
#     to set the Java Heap base and to place the Java Heap above 4GB virtual address.
# This output file may be truncated or incomplete.
#
#  Out of Memory Error (allocation.cpp:389), pid=5528, tid=0x0000000000002c94
#
# JRE version: OpenJDK Runtime Environment (8.0_202-b03) (build 1.8.0_202-release-1483-b03)
# Java VM: OpenJDK 64-Bit Server VM (25.202-b03 mixed mode windows-amd64 compressed oops)
# Failed to write core dump. Minidumps are not enabled by default on client versions of Windows
#

---------------  T H R E A D  ---------------

Current thread (0x0000000015edb800):  JavaThread "C2 CompilerThread0" daemon [_thread_in_native, id=11412, stack(0x0000000017550000,0x0000000017650000)]

Stack: [0x0000000017550000,0x0000000017650000]
[error occurred during error reporting (printing stack bounds), id 0xc0000005]

Native frames: (J=compiled Java code, j=interpreted, Vv=VM code, C=native code)


Current CompileTask:
C2: 648618 10180       4       org.objectweb.asm.ClassReader::readMethod (1126 bytes)


---------------  P R O C E S S  ---------------

Java Threads: ( => current thread )
  0x000000001d410000 JavaThread "Cache worker for Build Output Cleanup Cache (E:\AndroidLiveProject\Test\.gradle\buildOutputCleanup)" [_thread_blocked, id=9036, stack(0x0000000022b90000,0x0000000022c90000)]
  0x0000000018893800 JavaThread "Build operations Thread 4" [_thread_blocked, id=10044, stack(0x0000000020d50000,0x0000000020e50000)]
  0x000000001888e000 JavaThread "Build operations Thread 3" [_thread_blocked, id=10344, stack(0x0000000020650000,0x0000000020750000)]
  0x000000001f393800 JavaThread "Build operations Thread 2" [_thread_blocked, id=19332, stack(0x0000000020550000,0x0000000020650000)]
  0x000000001f392000 JavaThread "Build operations" [_thread_blocked, id=20128, stack(0x0000000020450000,0x0000000020550000)]
  0x000000001f396000 JavaThread "Cache worker for cache directory md-rule (C:\Users\nikur\.gradle\caches\5.4.1\md-rule)" [_thread_blocked, id=16744, stack(0x0000000020350000,0x0000000020450000)]
  0x000000001f395000 JavaThread "Cache worker for cache directory md-supplier (C:\Users\nikur\.gradle\caches\5.4.1\md-supplier)" [_thread_blocked, id=13808, stack(0x000000001fe50000,0x000000001ff50000)]
  0x000000001f38a000 JavaThread "Cache worker for file hash cache (E:\AndroidLiveProject\Test\.gradle\5.4.1\fileHashes)" [_thread_blocked, id=18352, stack(0x000000001fa80000,0x000000001fb80000)]
  0x000000001f390000 JavaThread "Thread-32" [_thread_blocked, id=448, stack(0x000000001de10000,0x000000001df10000)]
  0x000000001f386800 JavaThread "Asynchronous log dispatcher for DefaultDaemonConnection: socket connection from /127.0.0.1:58384 to /127.0.0.1:58457" [_thread_blocked, id=5272, stack(0x000000001a4a0000,0x000000001a5a0000)]
  0x000000001f38d800 JavaThread "Daemon worker Thread 2" [_thread_in_native, id=9880, stack(0x0000000019fa0000,0x000000001a0a0000)]
  0x000000001f38a800 JavaThread "Cancel handler" [_thread_blocked, id=12328, stack(0x0000000000a10000,0x0000000000b10000)]
  0x000000001f38d000 JavaThread "Handler for socket connection from /127.0.0.1:58384 to /127.0.0.1:58457" [_thread_in_native, id=19552, stack(0x0000000000910000,0x0000000000a10000)]
  0x000000001f38c000 JavaThread "Daemon Thread 2" [_thread_blocked, id=17624, stack(0x0000000000810000,0x0000000000910000)]
  0x000000001f38e800 JavaThread "Memory manager" [_thread_blocked, id=996, stack(0x0000000021450000,0x0000000021550000)]
  0x000000001f387800 JavaThread "Cache worker for execution history cache (C:\Users\nikur\.gradle\caches\5.4.1\executionHistory)" [_thread_blocked, id=1524, stack(0x000000001f980000,0x000000001fa80000)]
  0x0000000018892800 JavaThread "Cache worker for journal cache (C:\Users\nikur\.gradle\caches\journal-1)" [_thread_blocked, id=1184, stack(0x000000001aaa0000,0x000000001aba0000)]
  0x0000000018890000 JavaThread "File lock request listener" [_thread_in_native, id=6500, stack(0x000000001a9a0000,0x000000001aaa0000)]
  0x0000000018892000 JavaThread "Cache worker for file hash cache (C:\Users\nikur\.gradle\caches\5.4.1\fileHashes)" [_thread_blocked, id=14344, stack(0x000000001a8a0000,0x000000001a9a0000)]
  0x0000000017af8800 JavaThread "Daemon periodic checks" [_thread_blocked, id=18224, stack(0x0000000019ea0000,0x0000000019fa0000)]
  0x0000000018ea1800 JavaThread "Incoming local TCP Connector on port 58384" [_thread_in_native, id=14004, stack(0x0000000019c60000,0x0000000019d60000)]
  0x0000000018f31800 JavaThread "Daemon health stats" [_thread_blocked, id=7372, stack(0x0000000019620000,0x0000000019720000)]
  0x000000001777e000 JavaThread "Service Thread" daemon [_thread_blocked, id=17252, stack(0x0000000017c50000,0x0000000017d50000)]
  0x0000000017758800 JavaThread "C1 CompilerThread2" daemon [_thread_blocked, id=20136, stack(0x0000000017b50000,0x0000000017c50000)]
  0x0000000015ee0000 JavaThread "C2 CompilerThread1" daemon [_thread_in_native, id=10960, stack(0x0000000017650000,0x0000000017750000)]
=>0x0000000015edb800 JavaThread "C2 CompilerThread0" daemon [_thread_in_native, id=11412, stack(0x0000000017550000,0x0000000017650000)]
  0x0000000015eda000 JavaThread "Attach Listener" daemon [_thread_blocked, id=13144, stack(0x0000000017450000,0x0000000017550000)]
  0x000000000256d800 JavaThread "Signal Dispatcher" daemon [_thread_blocked, id=736, stack(0x0000000017350000,0x0000000017450000)]
  0x0000000002565800 JavaThread "Finalizer" daemon [_thread_blocked, id=11564, stack(0x0000000017150000,0x0000000017250000)]
  0x0000000015ec9000 JavaThread "Reference Handler" daemon [_thread_blocked, id=10256, stack(0x0000000017050000,0x0000000017150000)]
  0x0000000002472800 JavaThread "main" [_thread_blocked, id=7676, stack(0x00000000022b0000,0x00000000023b0000)]

Other Threads:
  0x0000000015ea6800 VMThread [stack: 0x0000000016f50000,0x0000000017050000] [id=19140]
  0x000000001777f000 WatcherThread [stack: 0x0000000017d50000,0x0000000017e50000] [id=19924]

VM state:not at safepoint (normal execution)

VM Mutex/Monitor currently owned by a thread: None

heap address: 0x00000000a0000000, size: 1536 MB, Compressed Oops mode: 32-bit
Narrow klass base: 0x0000000000000000, Narrow klass shift: 3
Compressed class space size: 1073741824 Address: 0x0000000100000000

Heap:
 PSYoungGen      total 236032K, used 42595K [0x00000000e0000000, 0x00000000efe00000, 0x0000000100000000)
  eden space 211968K, 18% used [0x00000000e0000000,0x00000000e2560408,0x00000000ecf00000)
  from space 24064K, 17% used [0x00000000ecf00000,0x00000000ed338820,0x00000000ee680000)
  to   space 20992K, 0% used [0x00000000ee980000,0x00000000ee980000,0x00000000efe00000)
 ParOldGen       total 125440K, used 50048K [0x00000000a0000000, 0x00000000a7a80000, 0x00000000e0000000)
  object space 125440K, 39% used [0x00000000a0000000,0x00000000a30e0190,0x00000000a7a80000)
 Metaspace       used 74761K, capacity 77330K, committed 77528K, reserved 1116160K
  class space    used 9690K, capacity 10234K, committed 10240K, reserved 1048576K

Card table byte_map: [0x0000000011930000,0x0000000011c40000] byte_map_base: 0x0000000011430000

Marking Bits: (ParMarkBitMap*) 0x000000005ed99f30
 Begin Bits: [0x0000000012240000, 0x0000000013a40000)
 End Bits:   [0x0000000013a40000, 0x0000000015240000)

Polling page: 0x00000000023b0000

CodeCache: size=245760Kb used=29180Kb max_used=29429Kb free=216579Kb
 bounds [0x0000000002570000, 0x0000000004260000, 0x0000000011570000]
 total_blobs=9692 nmethods=8839 adapters=766
 compilation: enabled

Compilation events (10 events):
Event: 648.558 Thread 0x0000000017758800 10301       3       org.gradle.internal.execution.history.impl.DefaultAfterPreviousExecutionState::<init> (24 bytes)
Event: 648.559 Thread 0x0000000017758800 nmethod 10301 0x0000000003e3ea10 code [0x0000000003e3eb80, 0x0000000003e3ee30]
Event: 648.561 Thread 0x0000000017758800 10302       3       sun.nio.ch.ChannelInputStream::available (54 bytes)
Event: 648.562 Thread 0x0000000017758800 nmethod 10302 0x0000000003df4850 code [0x0000000003df4a00, 0x0000000003df5078]
Event: 648.562 Thread 0x0000000017758800 10303   !   3       sun.nio.ch.FileChannelImpl::position (261 bytes)
Event: 648.564 Thread 0x0000000017758800 nmethod 10303 0x0000000003df2cd0 code [0x0000000003df2f40, 0x0000000003df4008]
Event: 648.564 Thread 0x0000000017758800 10304       3       sun.nio.ch.FileDispatcherImpl::seek (6 bytes)
Event: 648.564 Thread 0x0000000017758800 nmethod 10304 0x0000000003e30890 code [0x0000000003e30a00, 0x0000000003e30b88]
Event: 648.599 Thread 0x0000000017758800 10305       1       org.gradle.internal.execution.history.impl.DefaultOutputFilesRepository::access$000 (5 bytes)
Event: 648.599 Thread 0x0000000017758800 nmethod 10305 0x0000000003e305d0 code [0x0000000003e30720, 0x0000000003e30810]

GC Heap History (10 events):
Event: 31.472 GC heap before
{Heap before GC invocations=14 (full 2):
 PSYoungGen      total 167424K, used 47232K [0x00000000e0000000, 0x00000000ed280000, 0x0000000100000000)
  eden space 153088K, 21% used [0x00000000e0000000,0x00000000e20281b0,0x00000000e9580000)
  from space 14336K, 99% used [0x00000000e9580000,0x00000000ea378218,0x00000000ea380000)
  to   space 18944K, 0% used [0x00000000ec000000,0x00000000ec000000,0x00000000ed280000)
 ParOldGen       total 86528K, used 28447K [0x00000000a0000000, 0x00000000a5480000, 0x00000000e0000000)
  object space 86528K, 32% used [0x00000000a0000000,0x00000000a1bc7f28,0x00000000a5480000)
 Metaspace       used 57341K, capacity 58992K, committed 59028K, reserved 1099776K
  class space    used 7766K, capacity 8171K, committed 8192K, reserved 1048576K
Event: 31.553 GC heap after
Heap after GC invocations=14 (full 2):
 PSYoungGen      total 196608K, used 3296K [0x00000000e0000000, 0x00000000ee980000, 0x0000000100000000)
  eden space 177664K, 0% used [0x00000000e0000000,0x00000000e0000000,0x00000000ead80000)
  from space 18944K, 17% used [0x00000000ec000000,0x00000000ec338000,0x00000000ed280000)
  to   space 18944K, 0% used [0x00000000ead80000,0x00000000ead80000,0x00000000ec000000)
 ParOldGen       total 86528K, used 34729K [0x00000000a0000000, 0x00000000a5480000, 0x00000000e0000000)
  object space 86528K, 40% used [0x00000000a0000000,0x00000000a21ea400,0x00000000a5480000)
 Metaspace       used 57341K, capacity 58992K, committed 59028K, reserved 1099776K
  class space    used 7766K, capacity 8171K, committed 8192K, reserved 1048576K
}
Event: 31.553 GC heap before
{Heap before GC invocations=15 (full 3):
 PSYoungGen      total 196608K, used 3296K [0x00000000e0000000, 0x00000000ee980000, 0x0000000100000000)
  eden space 177664K, 0% used [0x00000000e0000000,0x00000000e0000000,0x00000000ead80000)
  from space 18944K, 17% used [0x00000000ec000000,0x00000000ec338000,0x00000000ed280000)
  to   space 18944K, 0% used [0x00000000ead80000,0x00000000ead80000,0x00000000ec000000)
 ParOldGen       total 86528K, used 34729K [0x00000000a0000000, 0x00000000a5480000, 0x00000000e0000000)
  object space 86528K, 40% used [0x00000000a0000000,0x00000000a21ea400,0x00000000a5480000)
 Metaspace       used 57341K, capacity 58992K, committed 59028K, reserved 1099776K
  class space    used 7766K, capacity 8171K, committed 8192K, reserved 1048576K
Event: 32.250 GC heap after
Heap after GC invocations=15 (full 3):
 PSYoungGen      total 196608K, used 0K [0x00000000e0000000, 0x00000000ee980000, 0x0000000100000000)
  eden space 177664K, 0% used [0x00000000e0000000,0x00000000e0000000,0x00000000ead80000)
  from space 18944K, 0% used [0x00000000ec000000,0x00000000ec000000,0x00000000ed280000)
  to   space 18944K, 0% used [0x00000000ead80000,0x00000000ead80000,0x00000000ec000000)
 ParOldGen       total 125440K, used 32186K [0x00000000a0000000, 0x00000000a7a80000, 0x00000000e0000000)
  object space 125440K, 25% used [0x00000000a0000000,0x00000000a1f6e8e8,0x00000000a7a80000)
 Metaspace       used 57326K, capacity 58948K, committed 59028K, reserved 1099776K
  class space    used 7762K, capacity 8163K, committed 8192K, reserved 1048576K
}
Event: 568.462 GC heap before
{Heap before GC invocations=16 (full 3):
 PSYoungGen      total 196608K, used 177664K [0x00000000e0000000, 0x00000000ee980000, 0x0000000100000000)
  eden space 177664K, 100% used [0x00000000e0000000,0x00000000ead80000,0x00000000ead80000)
  from space 18944K, 0% used [0x00000000ec000000,0x00000000ec000000,0x00000000ed280000)
  to   space 18944K, 0% used [0x00000000ead80000,0x00000000ead80000,0x00000000ec000000)
 ParOldGen       total 125440K, used 32186K [0x00000000a0000000, 0x00000000a7a80000, 0x00000000e0000000)
  object space 125440K, 25% used [0x00000000a0000000,0x00000000a1f6e8e8,0x00000000a7a80000)
 Metaspace       used 67823K, capacity 70128K, committed 70360K, reserved 1110016K
  class space    used 8942K, capacity 9431K, committed 9472K, reserved 1048576K
Event: 568.502 GC heap after
Heap after GC invocations=16 (full 3):
 PSYoungGen      total 196608K, used 16370K [0x00000000e0000000, 0x00000000efe00000, 0x0000000100000000)
  eden space 177664K, 0% used [0x00000000e0000000,0x00000000e0000000,0x00000000ead80000)
  from space 18944K, 86% used [0x00000000ead80000,0x00000000ebd7ca50,0x00000000ec000000)
  to   space 20992K, 0% used [0x00000000ee980000,0x00000000ee980000,0x00000000efe00000)
 ParOldGen       total 125440K, used 32194K [0x00000000a0000000, 0x00000000a7a80000, 0x00000000e0000000)
  object space 125440K, 25% used [0x00000000a0000000,0x00000000a1f708e8,0x00000000a7a80000)
 Metaspace       used 67823K, capacity 70128K, committed 70360K, reserved 1110016K
  class space    used 8942K, capacity 9431K, committed 9472K, reserved 1048576K
}
Event: 613.203 GC heap before
{Heap before GC invocations=17 (full 3):
 PSYoungGen      total 196608K, used 194034K [0x00000000e0000000, 0x00000000efe00000, 0x0000000100000000)
  eden space 177664K, 100% used [0x00000000e0000000,0x00000000ead80000,0x00000000ead80000)
  from space 18944K, 86% used [0x00000000ead80000,0x00000000ebd7ca50,0x00000000ec000000)
  to   space 20992K, 0% used [0x00000000ee980000,0x00000000ee980000,0x00000000efe00000)
 ParOldGen       total 125440K, used 32194K [0x00000000a0000000, 0x00000000a7a80000, 0x00000000e0000000)
  object space 125440K, 25% used [0x00000000a0000000,0x00000000a1f708e8,0x00000000a7a80000)
 Metaspace       used 74330K, capacity 76904K, committed 77016K, reserved 1116160K
  class space    used 9685K, capacity 10229K, committed 10240K, reserved 1048576K
Event: 613.271 GC heap after
Heap after GC invocations=17 (full 3):
 PSYoungGen      total 232960K, used 20988K [0x00000000e0000000, 0x00000000efe00000, 0x0000000100000000)
  eden space 211968K, 0% used [0x00000000e0000000,0x00000000e0000000,0x00000000ecf00000)
  from space 20992K, 99% used [0x00000000ee980000,0x00000000efdff270,0x00000000efe00000)
  to   space 24064K, 0% used [0x00000000ecf00000,0x00000000ecf00000,0x00000000ee680000)
 ParOldGen       total 125440K, used 33061K [0x00000000a0000000, 0x00000000a7a80000, 0x00000000e0000000)
  object space 125440K, 26% used [0x00000000a0000000,0x00000000a2049788,0x00000000a7a80000)
 Metaspace       used 74330K, capacity 76904K, committed 77016K, reserved 1116160K
  class space    used 9685K, capacity 10229K, committed 10240K, reserved 1048576K
}
Event: 647.884 GC heap before
{Heap before GC invocations=18 (full 3):
 PSYoungGen      total 232960K, used 232956K [0x00000000e0000000, 0x00000000efe00000, 0x0000000100000000)
  eden space 211968K, 100% used [0x00000000e0000000,0x00000000ecf00000,0x00000000ecf00000)
  from space 20992K, 99% used [0x00000000ee980000,0x00000000efdff270,0x00000000efe00000)
  to   space 24064K, 0% used [0x00000000ecf00000,0x00000000ecf00000,0x00000000ee680000)
 ParOldGen       total 125440K, used 33061K [0x00000000a0000000, 0x00000000a7a80000, 0x00000000e0000000)
  object space 125440K, 26% used [0x00000000a0000000,0x00000000a2049788,0x00000000a7a80000)
 Metaspace       used 74662K, capacity 77242K, committed 77272K, reserved 1116160K
  class space    used 9686K, capacity 10230K, committed 10240K, reserved 1048576K
Event: 647.961 GC heap after
Heap after GC invocations=18 (full 3):
 PSYoungGen      total 236032K, used 4322K [0x00000000e0000000, 0x00000000efe00000, 0x0000000100000000)
  eden space 211968K, 0% used [0x00000000e0000000,0x00000000e0000000,0x00000000ecf00000)
  from space 24064K, 17% used [0x00000000ecf00000,0x00000000ed338820,0x00000000ee680000)
  to   space 20992K, 0% used [0x00000000ee980000,0x00000000ee980000,0x00000000efe00000)
 ParOldGen       total 125440K, used 50048K [0x00000000a0000000, 0x00000000a7a80000, 0x00000000e0000000)
  object space 125440K, 39% used [0x00000000a0000000,0x00000000a30e0190,0x00000000a7a80000)
 Metaspace       used 74662K, capacity 77242K, committed 77272K, reserved 1116160K
  class space    used 9686K, capacity 10230K, committed 10240K, reserved 1048576K
}

Deoptimization events (10 events):
Event: 617.926 Thread 0x000000001f387800 Uncommon trap: reason=unstable_if action=reinterpret pc=0x00000000039ce5b8 method=com.esotericsoftware.kryo.io.Output.writeBytes([BII)V @ 61
Event: 618.550 Thread 0x000000001f392000 Uncommon trap: reason=unstable_if action=reinterpret pc=0x00000000040e51c8 method=com.sun.crypto.provider.GaloisCounterMode.doLastBlock([BII[BIZ)V @ 55
Event: 647.560 Thread 0x000000001888e000 Uncommon trap: reason=unstable_if action=reinterpret pc=0x00000000040873ec method=java.lang.String.regionMatches(ZILjava/lang/String;II)Z @ 25
Event: 648.042 Thread 0x000000001888e000 Uncommon trap: reason=unstable_if action=reinterpret pc=0x0000000003e65e60 method=org.objectweb.asm.ClassReader.readUTF(II[C)Ljava/lang/String; @ 77
Event: 648.042 Thread 0x000000001888e000 Uncommon trap: reason=unstable_if action=reinterpret pc=0x0000000003ed1a54 method=org.objectweb.asm.ByteVector.putUTF8(Ljava/lang/String;)Lorg/objectweb/asm/ByteVector; @ 98
Event: 648.042 Thread 0x000000001888e000 Uncommon trap: reason=unstable_if action=reinterpret pc=0x0000000003e5107c method=org.objectweb.asm.ClassReader.readUTF(II[C)Ljava/lang/String; @ 77
Event: 648.042 Thread 0x000000001888e000 Uncommon trap: reason=unstable_if action=reinterpret pc=0x0000000003e57918 method=org.objectweb.asm.ByteVector.putUTF8(Ljava/lang/String;)Lorg/objectweb/asm/ByteVector; @ 98
Event: 648.183 Thread 0x000000001f38d800 Uncommon trap: reason=unstable_if action=reinterpret pc=0x0000000003f95734 method=com.google.common.cache.LocalCache$Segment.expireEntries(J)V @ 84
Event: 648.249 Thread 0x000000001f38d800 Uncommon trap: reason=unstable_if action=reinterpret pc=0x000000000386aef0 method=com.esotericsoftware.kryo.io.Output.writeString(Ljava/lang/String;)V @ 93
Event: 648.267 Thread 0x000000001f392000 Uncommon trap: reason=unstable_if action=reinterpret pc=0x00000000034921a4 method=java.util.concurrent.locks.AbstractQueuedSynchronizer.unparkSuccessor(Ljava/util/concurrent/locks/AbstractQueuedSynchronizer$Node;)V @ 22

Classes redefined (0 events):
No events

Internal exceptions (10 events):
Event: 613.866 Thread 0x000000001f392000 Exception <a 'sun/nio/fs/WindowsException'> (0x00000000e29aeb10) thrown at [D:\src\AOSP-openjdk-cygwin\jdk8u\hotspot\src\share\vm\prims\jni.cpp, line 710]
Event: 613.870 Thread 0x000000001f392000 Exception <a 'sun/nio/fs/WindowsException'> (0x00000000e29aff80) thrown at [D:\src\AOSP-openjdk-cygwin\jdk8u\hotspot\src\share\vm\prims\jni.cpp, line 710]
Event: 613.870 Thread 0x000000001f392000 Exception <a 'sun/nio/fs/WindowsException'> (0x00000000e29b0d90) thrown at [D:\src\AOSP-openjdk-cygwin\jdk8u\hotspot\src\share\vm\prims\jni.cpp, line 710]
Event: 614.912 Thread 0x000000001f393800 Exception <a 'java/net/SocketTimeoutException': Read timed out> (0x00000000e2efdeb0) thrown at [D:\src\AOSP-openjdk-cygwin\jdk8u\hotspot\src\share\vm\prims\jni.cpp, line 736]
Event: 615.997 Thread 0x0000000018893800 Exception <a 'sun/nio/fs/WindowsException'> (0x00000000e6dc6478) thrown at [D:\src\AOSP-openjdk-cygwin\jdk8u\hotspot\src\share\vm\prims\jni.cpp, line 710]
Event: 615.998 Thread 0x0000000018893800 Exception <a 'sun/nio/fs/WindowsException'> (0x00000000e6dc70a0) thrown at [D:\src\AOSP-openjdk-cygwin\jdk8u\hotspot\src\share\vm\prims\jni.cpp, line 710]
Event: 615.998 Thread 0x0000000018893800 Exception <a 'sun/nio/fs/WindowsException'> (0x00000000e6dc8510) thrown at [D:\src\AOSP-openjdk-cygwin\jdk8u\hotspot\src\share\vm\prims\jni.cpp, line 710]
Event: 615.998 Thread 0x0000000018893800 Exception <a 'sun/nio/fs/WindowsException'> (0x00000000e6dc9338) thrown at [D:\src\AOSP-openjdk-cygwin\jdk8u\hotspot\src\share\vm\prims\jni.cpp, line 710]
Event: 616.834 Thread 0x000000001f392000 Exception <a 'java/net/SocketTimeoutException': Read timed out> (0x00000000e7641128) thrown at [D:\src\AOSP-openjdk-cygwin\jdk8u\hotspot\src\share\vm\prims\jni.cpp, line 736]
Event: 648.267 Thread 0x000000001f392000 Implicit null exception at 0x000000000349212c to 0x000000000349218d

Events (10 events):
Event: 648.240 Executing VM operation: RevokeBias
Event: 648.240 Executing VM operation: RevokeBias done
Event: 648.248 Thread 0x000000001f38d800 Uncommon trap: trap_request=0xffffff65 fr.pc=0x000000000386aef0
Event: 648.249 Thread 0x000000001f38d800 DEOPT PACKING pc=0x000000000386aef0 sp=0x000000001a099d10
Event: 648.249 Thread 0x000000001f38d800 DEOPT UNPACKING pc=0x00000000025b557b sp=0x000000001a099b40 mode 2
Event: 648.267 Thread 0x000000001f392000 Uncommon trap: trap_request=0xffffff65 fr.pc=0x00000000034921a4
Event: 648.267 Thread 0x000000001f392000 DEOPT PACKING pc=0x00000000034921a4 sp=0x000000002054df30
Event: 648.267 Thread 0x000000001f392000 DEOPT UNPACKING pc=0x00000000025b557b sp=0x000000002054dec0 mode 2
Event: 648.352 loading class org/gradle/api/artifacts/component/ProjectComponentIdentifier
Event: 648.352 loading class org/gradle/api/artifacts/component/ProjectComponentIdentifier done


Dynamic libraries:
0x00007ff63d630000 - 0x00007ff63d661000 	C:\Program Files\Android\Android Studio\jre\bin\java.exe
0x00007ffa3c660000 - 0x00007ffa3c850000 	C:\WINDOWS\SYSTEM32\ntdll.dll
0x00007ffa3b5a0000 - 0x00007ffa3b652000 	C:\WINDOWS\System32\KERNEL32.DLL
0x00007ffa396d0000 - 0x00007ffa39973000 	C:\WINDOWS\System32\KERNELBASE.dll
0x00007ffa3a9d0000 - 0x00007ffa3aa73000 	C:\WINDOWS\System32\ADVAPI32.dll
0x00007ffa3a930000 - 0x00007ffa3a9ce000 	C:\WINDOWS\System32\msvcrt.dll
0x00007ffa3baa0000 - 0x00007ffa3bb37000 	C:\WINDOWS\System32\sechost.dll
0x00007ffa3bb40000 - 0x00007ffa3bc60000 	C:\WINDOWS\System32\RPCRT4.dll
0x00007ffa3b900000 - 0x00007ffa3ba94000 	C:\WINDOWS\System32\USER32.dll
0x00007ffa39ad0000 - 0x00007ffa39af1000 	C:\WINDOWS\System32\win32u.dll
0x00007ffa3c5e0000 - 0x00007ffa3c606000 	C:\WINDOWS\System32\GDI32.dll
0x00007ffa3a430000 - 0x00007ffa3a5c4000 	C:\WINDOWS\System32\gdi32full.dll
0x00007ffa3a680000 - 0x00007ffa3a71e000 	C:\WINDOWS\System32\msvcp_win.dll
0x00007ffa3a2e0000 - 0x00007ffa3a3da000 	C:\WINDOWS\System32\ucrtbase.dll
0x00007ffa2ffc0000 - 0x00007ffa30245000 	C:\WINDOWS\WinSxS\amd64_microsoft.windows.common-controls_6595b64144ccf1df_6.0.18362.592_none_e6c0b1911312be02\COMCTL32.dll
0x00007ffa3c2a0000 - 0x00007ffa3c5d6000 	C:\WINDOWS\System32\combase.dll
0x00007ffa3a770000 - 0x00007ffa3a7f0000 	C:\WINDOWS\System32\bcryptPrimitives.dll
0x00007ffa3b250000 - 0x00007ffa3b27e000 	C:\WINDOWS\System32\IMM32.DLL
0x000000005e4f0000 - 0x000000005e5c2000 	C:\Program Files\Android\Android Studio\jre\jre\bin\msvcr100.dll
0x000000005e5d0000 - 0x000000005ee16000 	C:\Program Files\Android\Android Studio\jre\jre\bin\server\jvm.dll
0x00007ffa3bc60000 - 0x00007ffa3bc68000 	C:\WINDOWS\System32\PSAPI.DLL
0x00007ffa30cb0000 - 0x00007ffa30cd4000 	C:\WINDOWS\SYSTEM32\WINMM.dll
0x00007ffa30710000 - 0x00007ffa3071a000 	C:\WINDOWS\SYSTEM32\VERSION.dll
0x00007ffa30c80000 - 0x00007ffa30cad000 	C:\WINDOWS\SYSTEM32\winmmbase.dll
0x00007ffa3a720000 - 0x00007ffa3a76a000 	C:\WINDOWS\System32\cfgmgr32.dll
0x00007ffa33bd0000 - 0x00007ffa33bd9000 	C:\WINDOWS\SYSTEM32\WSOCK32.dll
0x00007ffa3b2e0000 - 0x00007ffa3b34f000 	C:\WINDOWS\System32\WS2_32.dll
0x00007ffa33bc0000 - 0x00007ffa33bcf000 	C:\Program Files\Android\Android Studio\jre\jre\bin\verify.dll
0x00007ffa33ae0000 - 0x00007ffa33b09000 	C:\Program Files\Android\Android Studio\jre\jre\bin\java.dll
0x00007ffa33ba0000 - 0x00007ffa33bb6000 	C:\Program Files\Android\Android Studio\jre\jre\bin\zip.dll
0x00007ffa3ab00000 - 0x00007ffa3b1e5000 	C:\WINDOWS\System32\SHELL32.dll
0x00007ffa3b4f0000 - 0x00007ffa3b599000 	C:\WINDOWS\System32\shcore.dll
0x00007ffa39b60000 - 0x00007ffa3a2df000 	C:\WINDOWS\System32\windows.storage.dll
0x00007ffa396b0000 - 0x00007ffa396cf000 	C:\WINDOWS\System32\profapi.dll
0x00007ffa39660000 - 0x00007ffa396aa000 	C:\WINDOWS\System32\powrprof.dll
0x00007ffa39610000 - 0x00007ffa39620000 	C:\WINDOWS\System32\UMPDC.dll
0x00007ffa3b1f0000 - 0x00007ffa3b242000 	C:\WINDOWS\System32\shlwapi.dll
0x00007ffa39640000 - 0x00007ffa39651000 	C:\WINDOWS\System32\kernel.appcore.dll
0x00007ffa3a410000 - 0x00007ffa3a427000 	C:\WINDOWS\System32\cryptsp.dll
0x00007ffa33ac0000 - 0x00007ffa33ada000 	C:\Program Files\Android\Android Studio\jre\jre\bin\net.dll
0x00007ffa38e20000 - 0x00007ffa38e87000 	C:\WINDOWS\system32\mswsock.dll
0x00007ffa33970000 - 0x00007ffa33981000 	C:\Program Files\Android\Android Studio\jre\jre\bin\nio.dll
0x00007ffa345f0000 - 0x00007ffa34616000 	C:\Users\nikur\.gradle\native\29\windows-amd64\native-platform.dll
0x00007ffa33ab0000 - 0x00007ffa33abd000 	C:\Program Files\Android\Android Studio\jre\jre\bin\management.dll
0x00007ffa38990000 - 0x00007ffa389c3000 	C:\WINDOWS\system32\rsaenh.dll
0x00007ffa3a3e0000 - 0x00007ffa3a406000 	C:\WINDOWS\System32\bcrypt.dll
0x00007ffa39530000 - 0x00007ffa39555000 	C:\WINDOWS\SYSTEM32\USERENV.dll
0x00007ffa38ff0000 - 0x00007ffa38ffc000 	C:\WINDOWS\SYSTEM32\CRYPTBASE.dll
0x00007ffa38b30000 - 0x00007ffa38b6a000 	C:\WINDOWS\SYSTEM32\IPHLPAPI.DLL
0x00007ffa3c290000 - 0x00007ffa3c298000 	C:\WINDOWS\System32\NSI.dll
0x00007ffa32990000 - 0x00007ffa329a6000 	C:\WINDOWS\SYSTEM32\dhcpcsvc6.DLL
0x00007ffa32b40000 - 0x00007ffa32b5c000 	C:\WINDOWS\SYSTEM32\dhcpcsvc.DLL
0x00007ffa38b70000 - 0x00007ffa38c3a000 	C:\WINDOWS\SYSTEM32\DNSAPI.dll
0x00007ffa32560000 - 0x00007ffa32584000 	C:\Program Files\Android\Android Studio\jre\jre\bin\sunec.dll
0x00007ffa2fb40000 - 0x00007ffa2fb4a000 	C:\Windows\System32\rasadhlp.dll
0x00007ffa32790000 - 0x00007ffa32807000 	C:\WINDOWS\System32\fwpuclnt.dll
0x00007ffa33630000 - 0x00007ffa3363b000 	C:\Program Files\Android\Android Studio\jre\jre\bin\sunmscapi.dll
0x00007ffa39980000 - 0x00007ffa39ac9000 	C:\WINDOWS\System32\CRYPT32.dll
0x00007ffa39620000 - 0x00007ffa39632000 	C:\WINDOWS\System32\MSASN1.dll

VM Arguments:
jvm_args: -Xmx1536m -Dfile.encoding=windows-1252 -Duser.country=IN -Duser.language=en -Duser.variant 
java_command: org.gradle.launcher.daemon.bootstrap.GradleDaemon 5.4.1
java_class_path (initial): C:\Users\nikur\.gradle\wrapper\dists\gradle-5.4.1-all\3221gyojl5jsh0helicew7rwx\gradle-5.4.1\lib\gradle-launcher-5.4.1.jar
Launcher Type: SUN_STANDARD

Environment Variables:
PATH=C:\Program Files\Dell\DW WLAN Card;;C:\Program Files (x86)\Intel\iCLS Client\;C:\Program Files\Intel\iCLS Client\;C:\WINDOWS\system32;C:\WINDOWS;C:\WINDOWS\System32\Wbem;C:\WINDOWS\System32\WindowsPowerShell\v1.0\;C:\Program Files\PuTTY\;C:\Program Files\WIDCOMM\Bluetooth Software\;C:\Program Files\WIDCOMM\Bluetooth Software\syswow64;C:\Program Files\Git\cmd;C:\Program Files\nodejs\;C:\ProgramData\chocolatey\bin;C:\Program Files (x86)\Intel\Intel(R) Management Engine Components\DAL;C:\Program Files\Intel\Intel(R) Management Engine Components\DAL;C:\Program Files (x86)\Intel\Intel(R) Management Engine Components\IPT;C:\Program Files\Intel\Intel(R) Management Engine Components\IPT;C:\WINDOWS\System32\OpenSSH\;C:\Users\nikur\AppData\Local\Programs\Python\Python37\Scripts\;C:\Users\nikur\AppData\Local\Programs\Python\Python37\;C:\Users\nikur\AppData\Roaming\npm;C:\Users\nikur\AppData\Local\Programs\Microsoft VS Code\bin;C:\Users\nikur\AppData\Local\Programs\Fiddler;C:\Users\nikur\.ebcli-virtual-env\executables;C:\ImageMagick;C:\Program Files (x86)\Java\jdk1.8.0_101\bin;%USERPROFILE%\AppData\Local\Microsoft\WindowsApps;
USERNAME=nikur
OS=Windows_NT
PROCESSOR_IDENTIFIER=Intel64 Family 6 Model 69 Stepping 1, GenuineIntel



---------------  S Y S T E M  ---------------

OS: Windows 10.0 , 64 bit Build 18362 (10.0.18362.329)

CPU:total 4 (initial active 4) (2 cores per cpu, 2 threads per core) family 6 model 69 stepping 1, cmov, cx8, fxsr, mmx, sse, sse2, sse3, ssse3, sse4.1, sse4.2, popcnt, avx, avx2, aes, clmul, erms, lzcnt, ht, tsc, tscinvbit, bmi1, bmi2

Memory: 4k page, physical 8290320k(303124k free), swap 33456144k(5648k free)

vm_info: OpenJDK 64-Bit Server VM (25.202-b03) for windows-amd64 JRE (1.8.0_202-release-1483-b03), built by "builder" with MS VC++ 10.0 (VS2010)

time: Fri Jan 24 12:38:30 2020
timezone: India Standard Time
elapsed time: 648 seconds (0d 0h 10m 48s)

